/Users/g5/Dev/SctWorkspace/Build/Shell/RELEASE_XCODE5/X64/MdePkg/Library/BasePcdLibNull/BasePcdLibNull/OUTPUT/BasePcdLibNull.lib
/Users/g5/Dev/SctWorkspace/Build/Shell/RELEASE_XCODE5/X64/MdePkg/Library/BaseDebugLibNull/BaseDebugLibNull/OUTPUT/BaseDebugLibNull.lib
/Users/g5/Dev/SctWorkspace/Build/Shell/RELEASE_XCODE5/X64/MdePkg/Library/BaseMemoryLib/BaseMemoryLib/OUTPUT/BaseMemoryLib.lib
/Users/g5/Dev/SctWorkspace/Build/Shell/RELEASE_XCODE5/X64/MdePkg/Library/BaseLib/BaseLib/OUTPUT/BaseLib.lib
/Users/g5/Dev/SctWorkspace/Build/Shell/RELEASE_XCODE5/X64/MdePkg/Library/UefiBootServicesTableLib/UefiBootServicesTableLib/OUTPUT/UefiBootServicesTableLib.lib
/Users/g5/Dev/SctWorkspace/Build/Shell/RELEASE_XCODE5/X64/MdePkg/Library/BasePrintLib/BasePrintLib/OUTPUT/BasePrintLib.lib
/Users/g5/Dev/SctWorkspace/Build/Shell/RELEASE_XCODE5/X64/MdePkg/Library/UefiMemoryAllocationLib/UefiMemoryAllocationLib/OUTPUT/UefiMemoryAllocationLib.lib
/Users/g5/Dev/SctWorkspace/Build/Shell/RELEASE_XCODE5/X64/MdePkg/Library/UefiDevicePathLib/UefiDevicePathLibOptionalDevicePathProtocol/OUTPUT/UefiDevicePathLibOptionalDevicePathProtocol.lib
/Users/g5/Dev/SctWorkspace/Build/Shell/RELEASE_XCODE5/X64/MdePkg/Library/UefiRuntimeServicesTableLib/UefiRuntimeServicesTableLib/OUTPUT/UefiRuntimeServicesTableLib.lib
/Users/g5/Dev/SctWorkspace/Build/Shell/RELEASE_XCODE5/X64/MdeModulePkg/Library/UefiHiiServicesLib/UefiHiiServicesLib/OUTPUT/UefiHiiServicesLib.lib
/Users/g5/Dev/SctWorkspace/Build/Shell/RELEASE_XCODE5/X64/MdePkg/Library/UefiLib/UefiLib/OUTPUT/UefiLib.lib
/Users/g5/Dev/SctWorkspace/Build/Shell/RELEASE_XCODE5/X64/MdeModulePkg/Library/UefiHiiLib/UefiHiiLib/OUTPUT/UefiHiiLib.lib
/Users/g5/Dev/SctWorkspace/Build/Shell/RELEASE_XCODE5/X64/MdePkg/Library/UefiFileHandleLib/UefiFileHandleLib/OUTPUT/UefiFileHandleLib.lib
/Users/g5/Dev/SctWorkspace/Build/Shell/RELEASE_XCODE5/X64/MdeModulePkg/Library/UefiSortLib/UefiSortLib/OUTPUT/UefiSortLib.lib
/Users/g5/Dev/SctWorkspace/Build/Shell/RELEASE_XCODE5/X64/ShellPkg/Library/UefiShellLib/UefiShellLib/OUTPUT/UefiShellLib.lib
/Users/g5/Dev/SctWorkspace/Build/Shell/RELEASE_XCODE5/X64/MdePkg/Library/UefiDriverEntryPoint/UefiDriverEntryPoint/OUTPUT/UefiDriverEntryPoint.lib
/Users/g5/Dev/SctWorkspace/Build/Shell/RELEASE_XCODE5/X64/MdeModulePkg/Library/DxeSmmPerformanceLib/DxeSmmPerformanceLib/OUTPUT/DxeSmmPerformanceLib.lib
/Users/g5/Dev/SctWorkspace/Build/Shell/RELEASE_XCODE5/X64/MdePkg/Library/DxeServicesLib/DxeServicesLib/OUTPUT/DxeServicesLib.lib
/Users/g5/Dev/SctWorkspace/Build/Shell/RELEASE_XCODE5/X64/MdePkg/Library/BasePeCoffGetEntryPointLib/BasePeCoffGetEntryPointLib/OUTPUT/BasePeCoffGetEntryPointLib.lib
/Users/g5/Dev/SctWorkspace/Build/Shell/RELEASE_XCODE5/X64/ShellPkg/DynamicCommand/DpDynamicCommand/DpDynamicCommand/OUTPUT/dpDynamicCommand.lib