/Users/g5/Dev/SctWorkspace/Build/Mde/RELEASE_XCODE5/X64/MdePkg/Library/BaseMemoryLibOptPei/BaseMemoryLibOptPei/OUTPUT/X64/ScanMem64.obj
/Users/g5/Dev/SctWorkspace/Build/Mde/RELEASE_XCODE5/X64/MdePkg/Library/BaseMemoryLibOptPei/BaseMemoryLibOptPei/OUTPUT/X64/ScanMem32.obj
/Users/g5/Dev/SctWorkspace/Build/Mde/RELEASE_XCODE5/X64/MdePkg/Library/BaseMemoryLibOptPei/BaseMemoryLibOptPei/OUTPUT/X64/ScanMem16.obj
/Users/g5/Dev/SctWorkspace/Build/Mde/RELEASE_XCODE5/X64/MdePkg/Library/BaseMemoryLibOptPei/BaseMemoryLibOptPei/OUTPUT/X64/ScanMem8.obj
/Users/g5/Dev/SctWorkspace/Build/Mde/RELEASE_XCODE5/X64/MdePkg/Library/BaseMemoryLibOptPei/BaseMemoryLibOptPei/OUTPUT/X64/CompareMem.obj
/Users/g5/Dev/SctWorkspace/Build/Mde/RELEASE_XCODE5/X64/MdePkg/Library/BaseMemoryLibOptPei/BaseMemoryLibOptPei/OUTPUT/X64/ZeroMem.obj
/Users/g5/Dev/SctWorkspace/Build/Mde/RELEASE_XCODE5/X64/MdePkg/Library/BaseMemoryLibOptPei/BaseMemoryLibOptPei/OUTPUT/X64/SetMem64.obj
/Users/g5/Dev/SctWorkspace/Build/Mde/RELEASE_XCODE5/X64/MdePkg/Library/BaseMemoryLibOptPei/BaseMemoryLibOptPei/OUTPUT/X64/SetMem32.obj
/Users/g5/Dev/SctWorkspace/Build/Mde/RELEASE_XCODE5/X64/MdePkg/Library/BaseMemoryLibOptPei/BaseMemoryLibOptPei/OUTPUT/X64/SetMem16.obj
/Users/g5/Dev/SctWorkspace/Build/Mde/RELEASE_XCODE5/X64/MdePkg/Library/BaseMemoryLibOptPei/BaseMemoryLibOptPei/OUTPUT/X64/SetMem.obj
/Users/g5/Dev/SctWorkspace/Build/Mde/RELEASE_XCODE5/X64/MdePkg/Library/BaseMemoryLibOptPei/BaseMemoryLibOptPei/OUTPUT/X64/CopyMem.obj
/Users/g5/Dev/SctWorkspace/Build/Mde/RELEASE_XCODE5/X64/MdePkg/Library/BaseMemoryLibOptPei/BaseMemoryLibOptPei/OUTPUT/X64/IsZeroBuffer.obj
/Users/g5/Dev/SctWorkspace/Build/Mde/RELEASE_XCODE5/X64/MdePkg/Library/BaseMemoryLibOptPei/BaseMemoryLibOptPei/OUTPUT/ScanMem64Wrapper.obj
/Users/g5/Dev/SctWorkspace/Build/Mde/RELEASE_XCODE5/X64/MdePkg/Library/BaseMemoryLibOptPei/BaseMemoryLibOptPei/OUTPUT/ScanMem32Wrapper.obj
/Users/g5/Dev/SctWorkspace/Build/Mde/RELEASE_XCODE5/X64/MdePkg/Library/BaseMemoryLibOptPei/BaseMemoryLibOptPei/OUTPUT/ScanMem16Wrapper.obj
/Users/g5/Dev/SctWorkspace/Build/Mde/RELEASE_XCODE5/X64/MdePkg/Library/BaseMemoryLibOptPei/BaseMemoryLibOptPei/OUTPUT/ScanMem8Wrapper.obj
/Users/g5/Dev/SctWorkspace/Build/Mde/RELEASE_XCODE5/X64/MdePkg/Library/BaseMemoryLibOptPei/BaseMemoryLibOptPei/OUTPUT/ZeroMemWrapper.obj
/Users/g5/Dev/SctWorkspace/Build/Mde/RELEASE_XCODE5/X64/MdePkg/Library/BaseMemoryLibOptPei/BaseMemoryLibOptPei/OUTPUT/CompareMemWrapper.obj
/Users/g5/Dev/SctWorkspace/Build/Mde/RELEASE_XCODE5/X64/MdePkg/Library/BaseMemoryLibOptPei/BaseMemoryLibOptPei/OUTPUT/SetMem64Wrapper.obj
/Users/g5/Dev/SctWorkspace/Build/Mde/RELEASE_XCODE5/X64/MdePkg/Library/BaseMemoryLibOptPei/BaseMemoryLibOptPei/OUTPUT/SetMem32Wrapper.obj
/Users/g5/Dev/SctWorkspace/Build/Mde/RELEASE_XCODE5/X64/MdePkg/Library/BaseMemoryLibOptPei/BaseMemoryLibOptPei/OUTPUT/SetMem16Wrapper.obj
/Users/g5/Dev/SctWorkspace/Build/Mde/RELEASE_XCODE5/X64/MdePkg/Library/BaseMemoryLibOptPei/BaseMemoryLibOptPei/OUTPUT/SetMemWrapper.obj
/Users/g5/Dev/SctWorkspace/Build/Mde/RELEASE_XCODE5/X64/MdePkg/Library/BaseMemoryLibOptPei/BaseMemoryLibOptPei/OUTPUT/CopyMemWrapper.obj
/Users/g5/Dev/SctWorkspace/Build/Mde/RELEASE_XCODE5/X64/MdePkg/Library/BaseMemoryLibOptPei/BaseMemoryLibOptPei/OUTPUT/IsZeroBufferWrapper.obj
/Users/g5/Dev/SctWorkspace/Build/Mde/RELEASE_XCODE5/X64/MdePkg/Library/BaseMemoryLibOptPei/BaseMemoryLibOptPei/OUTPUT/MemLibGuid.obj